

Microchip Technology PIC LITE Macro Assembler V1.42 build -159332390 
                                                                                               Wed May 29 09:40:46 2019

Microchip Technology Omniscient Code Generator v1.42 (Free mode) build 201704130522
     1                           	processor	16LF15345
     2                           	opt	pw 120
     3                           	opt	lm
     4                           	psect	cinit,global,class=CODE,merge=1,delta=2
     5                           	psect	cstackCOMMON,global,class=COMMON,space=1,delta=1
     6                           	psect	maintext,global,class=CODE,merge=1,split=1,delta=2
     7                           	psect	text1,local,class=CODE,merge=1,delta=2
     8                           	psect	text2,local,class=CODE,merge=1,delta=2
     9                           	psect	text3,local,class=CODE,merge=1,delta=2
    10                           	psect	text4,local,class=CODE,merge=1,delta=2
    11                           	dabs	1,0x7E,2
    12  0000                     
    13                           ; Version 1.42
    14                           ; Generated 13/04/2017 GMT
    15                           ; 
    16                           ; Copyright © 2017, Microchip Technology Inc. and its subsidiaries ("Microchip")
    17                           ; All rights reserved.
    18                           ; 
    19                           ; This software is developed by Microchip Technology Inc. and its subsidiaries ("Microch
      +                          ip").
    20                           ; 
    21                           ; Redistribution and use in source and binary forms, with or without modification, are
    22                           ; permitted provided that the following conditions are met:
    23                           ; 
    24                           ;     1. Redistributions of source code must retain the above copyright notice, this lis
      +                          t of
    25                           ;        conditions and the following disclaimer.
    26                           ; 
    27                           ;     2. Redistributions in binary form must reproduce the above copyright notice, this 
      +                          list
    28                           ;        of conditions and the following disclaimer in the documentation and/or other
    29                           ;        materials provided with the distribution.
    30                           ; 
    31                           ;     3. Microchip's name may not be used to endorse or promote products derived from th
      +                          is
    32                           ;        software without specific prior written permission.
    33                           ; 
    34                           ; THIS SOFTWARE IS PROVIDED BY MICROCHIP "AS IS" AND ANY EXPRESS OR IMPLIED WARRANTIES,
    35                           ; INCLUDING, BUT NOT LIMITED TO, THE IMPLIED WARRANTIES OF MERCHANTABILITY AND FITNESS F
      +                          OR
    36                           ; PURPOSE ARE DISCLAIMED.  IN NO EVENT SHALL MICROCHIP BE LIABLE FOR ANY DIRECT, INDIREC
      +                          T,
    37                           ; INCIDENTAL, SPECIAL, EXEMPLARY, OR CONSEQUENTIAL DAMAGES (INCLUDING BUT NOT LIMITED TO
    38                           ; PROCUREMENT OF SUBSTITUTE GOODS OR SERVICES; LOSS OF USE, DATA OR PROFITS; OR BUSINESS
    39                           ; INTERRUPTION) HOWSOEVER CAUSED AND ON ANY THEORY OF LIABILITY, WHETHER IN CONTRACT, ST
      +                          RICT
    40                           ; LIABILITY, OR TORT (INCLUDING NEGLIGENCE OR OTHERWISE) ARISING IN ANY WAY OUT OF THE U
      +                          SE OF
    41                           ; THIS SOFTWARE, EVEN IF ADVISED OF THE POSSIBILITY OF SUCH DAMAGE.
    42                           ; 
    43                           ; 
    44                           ; Code-generator required, PIC16LF15345 Definitions
    45                           ; 
    46                           ; SFR Addresses
    47  0000                     	;# 
    48  0001                     	;# 
    49  0002                     	;# 
    50  0003                     	;# 
    51  0004                     	;# 
    52  0005                     	;# 
    53  0006                     	;# 
    54  0007                     	;# 
    55  0008                     	;# 
    56  0009                     	;# 
    57  000A                     	;# 
    58  000B                     	;# 
    59  000C                     	;# 
    60  000D                     	;# 
    61  000E                     	;# 
    62  0012                     	;# 
    63  0013                     	;# 
    64  0014                     	;# 
    65  0018                     	;# 
    66  0019                     	;# 
    67  001A                     	;# 
    68  009B                     	;# 
    69  009B                     	;# 
    70  009C                     	;# 
    71  009D                     	;# 
    72  009E                     	;# 
    73  009F                     	;# 
    74  0119                     	;# 
    75  0119                     	;# 
    76  0119                     	;# 
    77  011A                     	;# 
    78  011A                     	;# 
    79  011A                     	;# 
    80  011B                     	;# 
    81  011B                     	;# 
    82  011B                     	;# 
    83  011B                     	;# 
    84  011B                     	;# 
    85  011C                     	;# 
    86  011C                     	;# 
    87  011C                     	;# 
    88  011D                     	;# 
    89  011D                     	;# 
    90  011D                     	;# 
    91  011E                     	;# 
    92  011E                     	;# 
    93  011E                     	;# 
    94  011F                     	;# 
    95  011F                     	;# 
    96  011F                     	;# 
    97  011F                     	;# 
    98  011F                     	;# 
    99  018C                     	;# 
   100  018D                     	;# 
   101  018E                     	;# 
   102  018F                     	;# 
   103  0190                     	;# 
   104  0191                     	;# 
   105  0192                     	;# 
   106  020C                     	;# 
   107  020C                     	;# 
   108  020D                     	;# 
   109  020E                     	;# 
   110  020F                     	;# 
   111  020F                     	;# 
   112  0210                     	;# 
   113  0210                     	;# 
   114  0211                     	;# 
   115  0211                     	;# 
   116  028C                     	;# 
   117  028C                     	;# 
   118  028D                     	;# 
   119  028D                     	;# 
   120  028E                     	;# 
   121  028F                     	;# 
   122  0290                     	;# 
   123  0291                     	;# 
   124  030C                     	;# 
   125  030C                     	;# 
   126  030D                     	;# 
   127  030E                     	;# 
   128  030F                     	;# 
   129  0310                     	;# 
   130  0310                     	;# 
   131  0311                     	;# 
   132  0312                     	;# 
   133  0313                     	;# 
   134  0314                     	;# 
   135  0315                     	;# 
   136  0316                     	;# 
   137  0318                     	;# 
   138  0319                     	;# 
   139  031A                     	;# 
   140  031C                     	;# 
   141  031D                     	;# 
   142  031E                     	;# 
   143  038C                     	;# 
   144  038D                     	;# 
   145  038E                     	;# 
   146  058C                     	;# 
   147  058C                     	;# 
   148  058D                     	;# 
   149  058E                     	;# 
   150  058F                     	;# 
   151  058F                     	;# 
   152  0590                     	;# 
   153  0591                     	;# 
   154  0592                     	;# 
   155  0593                     	;# 
   156  059C                     	;# 
   157  059C                     	;# 
   158  059D                     	;# 
   159  059D                     	;# 
   160  059E                     	;# 
   161  059F                     	;# 
   162  060C                     	;# 
   163  060D                     	;# 
   164  060E                     	;# 
   165  060F                     	;# 
   166  0610                     	;# 
   167  0611                     	;# 
   168  0612                     	;# 
   169  0613                     	;# 
   170  0614                     	;# 
   171  070C                     	;# 
   172  070D                     	;# 
   173  070E                     	;# 
   174  070F                     	;# 
   175  0710                     	;# 
   176  0711                     	;# 
   177  0712                     	;# 
   178  0713                     	;# 
   179  0716                     	;# 
   180  0717                     	;# 
   181  0718                     	;# 
   182  0719                     	;# 
   183  071A                     	;# 
   184  071B                     	;# 
   185  071C                     	;# 
   186  071D                     	;# 
   187  0796                     	;# 
   188  0797                     	;# 
   189  0798                     	;# 
   190  0799                     	;# 
   191  079A                     	;# 
   192  079B                     	;# 
   193  080C                     	;# 
   194  080D                     	;# 
   195  080E                     	;# 
   196  080F                     	;# 
   197  0810                     	;# 
   198  0811                     	;# 
   199  0813                     	;# 
   200  0814                     	;# 
   201  081A                     	;# 
   202  081A                     	;# 
   203  081B                     	;# 
   204  081C                     	;# 
   205  081C                     	;# 
   206  081D                     	;# 
   207  081E                     	;# 
   208  081F                     	;# 
   209  088C                     	;# 
   210  088D                     	;# 
   211  088E                     	;# 
   212  088F                     	;# 
   213  0890                     	;# 
   214  0891                     	;# 
   215  0892                     	;# 
   216  0893                     	;# 
   217  0895                     	;# 
   218  0896                     	;# 
   219  090C                     	;# 
   220  090E                     	;# 
   221  090F                     	;# 
   222  091F                     	;# 
   223  098F                     	;# 
   224  098F                     	;# 
   225  0990                     	;# 
   226  0991                     	;# 
   227  0992                     	;# 
   228  0993                     	;# 
   229  0994                     	;# 
   230  0995                     	;# 
   231  0996                     	;# 
   232  0997                     	;# 
   233  0A19                     	;# 
   234  0A19                     	;# 
   235  0A1A                     	;# 
   236  0A1A                     	;# 
   237  0A1B                     	;# 
   238  0A1B                     	;# 
   239  0A1B                     	;# 
   240  0A1C                     	;# 
   241  0A1C                     	;# 
   242  0A1D                     	;# 
   243  0A1D                     	;# 
   244  0A1E                     	;# 
   245  0A1E                     	;# 
   246  0A1F                     	;# 
   247  0A1F                     	;# 
   248  0A1F                     	;# 
   249  1E0F                     	;# 
   250  1E10                     	;# 
   251  1E11                     	;# 
   252  1E12                     	;# 
   253  1E13                     	;# 
   254  1E14                     	;# 
   255  1E15                     	;# 
   256  1E16                     	;# 
   257  1E17                     	;# 
   258  1E18                     	;# 
   259  1E19                     	;# 
   260  1E1A                     	;# 
   261  1E1B                     	;# 
   262  1E1C                     	;# 
   263  1E1D                     	;# 
   264  1E1E                     	;# 
   265  1E1F                     	;# 
   266  1E20                     	;# 
   267  1E21                     	;# 
   268  1E22                     	;# 
   269  1E23                     	;# 
   270  1E24                     	;# 
   271  1E25                     	;# 
   272  1E26                     	;# 
   273  1E27                     	;# 
   274  1E28                     	;# 
   275  1E29                     	;# 
   276  1E2A                     	;# 
   277  1E2B                     	;# 
   278  1E2C                     	;# 
   279  1E2D                     	;# 
   280  1E2E                     	;# 
   281  1E2F                     	;# 
   282  1E30                     	;# 
   283  1E31                     	;# 
   284  1E32                     	;# 
   285  1E33                     	;# 
   286  1E34                     	;# 
   287  1E35                     	;# 
   288  1E36                     	;# 
   289  1E37                     	;# 
   290  1E8F                     	;# 
   291  1E90                     	;# 
   292  1E91                     	;# 
   293  1E92                     	;# 
   294  1E93                     	;# 
   295  1E9C                     	;# 
   296  1EA1                     	;# 
   297  1EA2                     	;# 
   298  1EB1                     	;# 
   299  1EBB                     	;# 
   300  1EBC                     	;# 
   301  1EBD                     	;# 
   302  1EBE                     	;# 
   303  1EC3                     	;# 
   304  1EC5                     	;# 
   305  1EC6                     	;# 
   306  1EC7                     	;# 
   307  1ECB                     	;# 
   308  1ECC                     	;# 
   309  1ECD                     	;# 
   310  1ECE                     	;# 
   311  1F10                     	;# 
   312  1F11                     	;# 
   313  1F12                     	;# 
   314  1F13                     	;# 
   315  1F14                     	;# 
   316  1F15                     	;# 
   317  1F1C                     	;# 
   318  1F1D                     	;# 
   319  1F1E                     	;# 
   320  1F1F                     	;# 
   321  1F20                     	;# 
   322  1F21                     	;# 
   323  1F22                     	;# 
   324  1F23                     	;# 
   325  1F24                     	;# 
   326  1F25                     	;# 
   327  1F26                     	;# 
   328  1F27                     	;# 
   329  1F38                     	;# 
   330  1F39                     	;# 
   331  1F3A                     	;# 
   332  1F3B                     	;# 
   333  1F3C                     	;# 
   334  1F3D                     	;# 
   335  1F3E                     	;# 
   336  1F3F                     	;# 
   337  1F43                     	;# 
   338  1F44                     	;# 
   339  1F45                     	;# 
   340  1F46                     	;# 
   341  1F47                     	;# 
   342  1F48                     	;# 
   343  1F49                     	;# 
   344  1F4A                     	;# 
   345  1F4E                     	;# 
   346  1F4F                     	;# 
   347  1F50                     	;# 
   348  1F51                     	;# 
   349  1F52                     	;# 
   350  1F53                     	;# 
   351  1F54                     	;# 
   352  1F55                     	;# 
   353  1FE4                     	;# 
   354  1FE5                     	;# 
   355  1FE6                     	;# 
   356  1FE7                     	;# 
   357  1FE8                     	;# 
   358  1FE8                     	;# 
   359  1FE9                     	;# 
   360  1FEA                     	;# 
   361  1FEA                     	;# 
   362  1FEB                     	;# 
   363  1FED                     	;# 
   364  1FEE                     	;# 
   365  1FEF                     	;# 
   366  0000                     	;# 
   367  0001                     	;# 
   368  0002                     	;# 
   369  0003                     	;# 
   370  0004                     	;# 
   371  0005                     	;# 
   372  0006                     	;# 
   373  0007                     	;# 
   374  0008                     	;# 
   375  0009                     	;# 
   376  000A                     	;# 
   377  000B                     	;# 
   378  000C                     	;# 
   379  000D                     	;# 
   380  000E                     	;# 
   381  0012                     	;# 
   382  0013                     	;# 
   383  0014                     	;# 
   384  0018                     	;# 
   385  0019                     	;# 
   386  001A                     	;# 
   387  009B                     	;# 
   388  009B                     	;# 
   389  009C                     	;# 
   390  009D                     	;# 
   391  009E                     	;# 
   392  009F                     	;# 
   393  0119                     	;# 
   394  0119                     	;# 
   395  0119                     	;# 
   396  011A                     	;# 
   397  011A                     	;# 
   398  011A                     	;# 
   399  011B                     	;# 
   400  011B                     	;# 
   401  011B                     	;# 
   402  011B                     	;# 
   403  011B                     	;# 
   404  011C                     	;# 
   405  011C                     	;# 
   406  011C                     	;# 
   407  011D                     	;# 
   408  011D                     	;# 
   409  011D                     	;# 
   410  011E                     	;# 
   411  011E                     	;# 
   412  011E                     	;# 
   413  011F                     	;# 
   414  011F                     	;# 
   415  011F                     	;# 
   416  011F                     	;# 
   417  011F                     	;# 
   418  018C                     	;# 
   419  018D                     	;# 
   420  018E                     	;# 
   421  018F                     	;# 
   422  0190                     	;# 
   423  0191                     	;# 
   424  0192                     	;# 
   425  020C                     	;# 
   426  020C                     	;# 
   427  020D                     	;# 
   428  020E                     	;# 
   429  020F                     	;# 
   430  020F                     	;# 
   431  0210                     	;# 
   432  0210                     	;# 
   433  0211                     	;# 
   434  0211                     	;# 
   435  028C                     	;# 
   436  028C                     	;# 
   437  028D                     	;# 
   438  028D                     	;# 
   439  028E                     	;# 
   440  028F                     	;# 
   441  0290                     	;# 
   442  0291                     	;# 
   443  030C                     	;# 
   444  030C                     	;# 
   445  030D                     	;# 
   446  030E                     	;# 
   447  030F                     	;# 
   448  0310                     	;# 
   449  0310                     	;# 
   450  0311                     	;# 
   451  0312                     	;# 
   452  0313                     	;# 
   453  0314                     	;# 
   454  0315                     	;# 
   455  0316                     	;# 
   456  0318                     	;# 
   457  0319                     	;# 
   458  031A                     	;# 
   459  031C                     	;# 
   460  031D                     	;# 
   461  031E                     	;# 
   462  038C                     	;# 
   463  038D                     	;# 
   464  038E                     	;# 
   465  058C                     	;# 
   466  058C                     	;# 
   467  058D                     	;# 
   468  058E                     	;# 
   469  058F                     	;# 
   470  058F                     	;# 
   471  0590                     	;# 
   472  0591                     	;# 
   473  0592                     	;# 
   474  0593                     	;# 
   475  059C                     	;# 
   476  059C                     	;# 
   477  059D                     	;# 
   478  059D                     	;# 
   479  059E                     	;# 
   480  059F                     	;# 
   481  060C                     	;# 
   482  060D                     	;# 
   483  060E                     	;# 
   484  060F                     	;# 
   485  0610                     	;# 
   486  0611                     	;# 
   487  0612                     	;# 
   488  0613                     	;# 
   489  0614                     	;# 
   490  070C                     	;# 
   491  070D                     	;# 
   492  070E                     	;# 
   493  070F                     	;# 
   494  0710                     	;# 
   495  0711                     	;# 
   496  0712                     	;# 
   497  0713                     	;# 
   498  0716                     	;# 
   499  0717                     	;# 
   500  0718                     	;# 
   501  0719                     	;# 
   502  071A                     	;# 
   503  071B                     	;# 
   504  071C                     	;# 
   505  071D                     	;# 
   506  0796                     	;# 
   507  0797                     	;# 
   508  0798                     	;# 
   509  0799                     	;# 
   510  079A                     	;# 
   511  079B                     	;# 
   512  080C                     	;# 
   513  080D                     	;# 
   514  080E                     	;# 
   515  080F                     	;# 
   516  0810                     	;# 
   517  0811                     	;# 
   518  0813                     	;# 
   519  0814                     	;# 
   520  081A                     	;# 
   521  081A                     	;# 
   522  081B                     	;# 
   523  081C                     	;# 
   524  081C                     	;# 
   525  081D                     	;# 
   526  081E                     	;# 
   527  081F                     	;# 
   528  088C                     	;# 
   529  088D                     	;# 
   530  088E                     	;# 
   531  088F                     	;# 
   532  0890                     	;# 
   533  0891                     	;# 
   534  0892                     	;# 
   535  0893                     	;# 
   536  0895                     	;# 
   537  0896                     	;# 
   538  090C                     	;# 
   539  090E                     	;# 
   540  090F                     	;# 
   541  091F                     	;# 
   542  098F                     	;# 
   543  098F                     	;# 
   544  0990                     	;# 
   545  0991                     	;# 
   546  0992                     	;# 
   547  0993                     	;# 
   548  0994                     	;# 
   549  0995                     	;# 
   550  0996                     	;# 
   551  0997                     	;# 
   552  0A19                     	;# 
   553  0A19                     	;# 
   554  0A1A                     	;# 
   555  0A1A                     	;# 
   556  0A1B                     	;# 
   557  0A1B                     	;# 
   558  0A1B                     	;# 
   559  0A1C                     	;# 
   560  0A1C                     	;# 
   561  0A1D                     	;# 
   562  0A1D                     	;# 
   563  0A1E                     	;# 
   564  0A1E                     	;# 
   565  0A1F                     	;# 
   566  0A1F                     	;# 
   567  0A1F                     	;# 
   568  1E0F                     	;# 
   569  1E10                     	;# 
   570  1E11                     	;# 
   571  1E12                     	;# 
   572  1E13                     	;# 
   573  1E14                     	;# 
   574  1E15                     	;# 
   575  1E16                     	;# 
   576  1E17                     	;# 
   577  1E18                     	;# 
   578  1E19                     	;# 
   579  1E1A                     	;# 
   580  1E1B                     	;# 
   581  1E1C                     	;# 
   582  1E1D                     	;# 
   583  1E1E                     	;# 
   584  1E1F                     	;# 
   585  1E20                     	;# 
   586  1E21                     	;# 
   587  1E22                     	;# 
   588  1E23                     	;# 
   589  1E24                     	;# 
   590  1E25                     	;# 
   591  1E26                     	;# 
   592  1E27                     	;# 
   593  1E28                     	;# 
   594  1E29                     	;# 
   595  1E2A                     	;# 
   596  1E2B                     	;# 
   597  1E2C                     	;# 
   598  1E2D                     	;# 
   599  1E2E                     	;# 
   600  1E2F                     	;# 
   601  1E30                     	;# 
   602  1E31                     	;# 
   603  1E32                     	;# 
   604  1E33                     	;# 
   605  1E34                     	;# 
   606  1E35                     	;# 
   607  1E36                     	;# 
   608  1E37                     	;# 
   609  1E8F                     	;# 
   610  1E90                     	;# 
   611  1E91                     	;# 
   612  1E92                     	;# 
   613  1E93                     	;# 
   614  1E9C                     	;# 
   615  1EA1                     	;# 
   616  1EA2                     	;# 
   617  1EB1                     	;# 
   618  1EBB                     	;# 
   619  1EBC                     	;# 
   620  1EBD                     	;# 
   621  1EBE                     	;# 
   622  1EC3                     	;# 
   623  1EC5                     	;# 
   624  1EC6                     	;# 
   625  1EC7                     	;# 
   626  1ECB                     	;# 
   627  1ECC                     	;# 
   628  1ECD                     	;# 
   629  1ECE                     	;# 
   630  1F10                     	;# 
   631  1F11                     	;# 
   632  1F12                     	;# 
   633  1F13                     	;# 
   634  1F14                     	;# 
   635  1F15                     	;# 
   636  1F1C                     	;# 
   637  1F1D                     	;# 
   638  1F1E                     	;# 
   639  1F1F                     	;# 
   640  1F20                     	;# 
   641  1F21                     	;# 
   642  1F22                     	;# 
   643  1F23                     	;# 
   644  1F24                     	;# 
   645  1F25                     	;# 
   646  1F26                     	;# 
   647  1F27                     	;# 
   648  1F38                     	;# 
   649  1F39                     	;# 
   650  1F3A                     	;# 
   651  1F3B                     	;# 
   652  1F3C                     	;# 
   653  1F3D                     	;# 
   654  1F3E                     	;# 
   655  1F3F                     	;# 
   656  1F43                     	;# 
   657  1F44                     	;# 
   658  1F45                     	;# 
   659  1F46                     	;# 
   660  1F47                     	;# 
   661  1F48                     	;# 
   662  1F49                     	;# 
   663  1F4A                     	;# 
   664  1F4E                     	;# 
   665  1F4F                     	;# 
   666  1F50                     	;# 
   667  1F51                     	;# 
   668  1F52                     	;# 
   669  1F53                     	;# 
   670  1F54                     	;# 
   671  1F55                     	;# 
   672  1FE4                     	;# 
   673  1FE5                     	;# 
   674  1FE6                     	;# 
   675  1FE7                     	;# 
   676  1FE8                     	;# 
   677  1FE8                     	;# 
   678  1FE9                     	;# 
   679  1FEA                     	;# 
   680  1FEA                     	;# 
   681  1FEB                     	;# 
   682  1FED                     	;# 
   683  1FEE                     	;# 
   684  1FEF                     	;# 
   685  0000                     	;# 
   686  0001                     	;# 
   687  0002                     	;# 
   688  0003                     	;# 
   689  0004                     	;# 
   690  0005                     	;# 
   691  0006                     	;# 
   692  0007                     	;# 
   693  0008                     	;# 
   694  0009                     	;# 
   695  000A                     	;# 
   696  000B                     	;# 
   697  000C                     	;# 
   698  000D                     	;# 
   699  000E                     	;# 
   700  0012                     	;# 
   701  0013                     	;# 
   702  0014                     	;# 
   703  0018                     	;# 
   704  0019                     	;# 
   705  001A                     	;# 
   706  009B                     	;# 
   707  009B                     	;# 
   708  009C                     	;# 
   709  009D                     	;# 
   710  009E                     	;# 
   711  009F                     	;# 
   712  0119                     	;# 
   713  0119                     	;# 
   714  0119                     	;# 
   715  011A                     	;# 
   716  011A                     	;# 
   717  011A                     	;# 
   718  011B                     	;# 
   719  011B                     	;# 
   720  011B                     	;# 
   721  011B                     	;# 
   722  011B                     	;# 
   723  011C                     	;# 
   724  011C                     	;# 
   725  011C                     	;# 
   726  011D                     	;# 
   727  011D                     	;# 
   728  011D                     	;# 
   729  011E                     	;# 
   730  011E                     	;# 
   731  011E                     	;# 
   732  011F                     	;# 
   733  011F                     	;# 
   734  011F                     	;# 
   735  011F                     	;# 
   736  011F                     	;# 
   737  018C                     	;# 
   738  018D                     	;# 
   739  018E                     	;# 
   740  018F                     	;# 
   741  0190                     	;# 
   742  0191                     	;# 
   743  0192                     	;# 
   744  020C                     	;# 
   745  020C                     	;# 
   746  020D                     	;# 
   747  020E                     	;# 
   748  020F                     	;# 
   749  020F                     	;# 
   750  0210                     	;# 
   751  0210                     	;# 
   752  0211                     	;# 
   753  0211                     	;# 
   754  028C                     	;# 
   755  028C                     	;# 
   756  028D                     	;# 
   757  028D                     	;# 
   758  028E                     	;# 
   759  028F                     	;# 
   760  0290                     	;# 
   761  0291                     	;# 
   762  030C                     	;# 
   763  030C                     	;# 
   764  030D                     	;# 
   765  030E                     	;# 
   766  030F                     	;# 
   767  0310                     	;# 
   768  0310                     	;# 
   769  0311                     	;# 
   770  0312                     	;# 
   771  0313                     	;# 
   772  0314                     	;# 
   773  0315                     	;# 
   774  0316                     	;# 
   775  0318                     	;# 
   776  0319                     	;# 
   777  031A                     	;# 
   778  031C                     	;# 
   779  031D                     	;# 
   780  031E                     	;# 
   781  038C                     	;# 
   782  038D                     	;# 
   783  038E                     	;# 
   784  058C                     	;# 
   785  058C                     	;# 
   786  058D                     	;# 
   787  058E                     	;# 
   788  058F                     	;# 
   789  058F                     	;# 
   790  0590                     	;# 
   791  0591                     	;# 
   792  0592                     	;# 
   793  0593                     	;# 
   794  059C                     	;# 
   795  059C                     	;# 
   796  059D                     	;# 
   797  059D                     	;# 
   798  059E                     	;# 
   799  059F                     	;# 
   800  060C                     	;# 
   801  060D                     	;# 
   802  060E                     	;# 
   803  060F                     	;# 
   804  0610                     	;# 
   805  0611                     	;# 
   806  0612                     	;# 
   807  0613                     	;# 
   808  0614                     	;# 
   809  070C                     	;# 
   810  070D                     	;# 
   811  070E                     	;# 
   812  070F                     	;# 
   813  0710                     	;# 
   814  0711                     	;# 
   815  0712                     	;# 
   816  0713                     	;# 
   817  0716                     	;# 
   818  0717                     	;# 
   819  0718                     	;# 
   820  0719                     	;# 
   821  071A                     	;# 
   822  071B                     	;# 
   823  071C                     	;# 
   824  071D                     	;# 
   825  0796                     	;# 
   826  0797                     	;# 
   827  0798                     	;# 
   828  0799                     	;# 
   829  079A                     	;# 
   830  079B                     	;# 
   831  080C                     	;# 
   832  080D                     	;# 
   833  080E                     	;# 
   834  080F                     	;# 
   835  0810                     	;# 
   836  0811                     	;# 
   837  0813                     	;# 
   838  0814                     	;# 
   839  081A                     	;# 
   840  081A                     	;# 
   841  081B                     	;# 
   842  081C                     	;# 
   843  081C                     	;# 
   844  081D                     	;# 
   845  081E                     	;# 
   846  081F                     	;# 
   847  088C                     	;# 
   848  088D                     	;# 
   849  088E                     	;# 
   850  088F                     	;# 
   851  0890                     	;# 
   852  0891                     	;# 
   853  0892                     	;# 
   854  0893                     	;# 
   855  0895                     	;# 
   856  0896                     	;# 
   857  090C                     	;# 
   858  090E                     	;# 
   859  090F                     	;# 
   860  091F                     	;# 
   861  098F                     	;# 
   862  098F                     	;# 
   863  0990                     	;# 
   864  0991                     	;# 
   865  0992                     	;# 
   866  0993                     	;# 
   867  0994                     	;# 
   868  0995                     	;# 
   869  0996                     	;# 
   870  0997                     	;# 
   871  0A19                     	;# 
   872  0A19                     	;# 
   873  0A1A                     	;# 
   874  0A1A                     	;# 
   875  0A1B                     	;# 
   876  0A1B                     	;# 
   877  0A1B                     	;# 
   878  0A1C                     	;# 
   879  0A1C                     	;# 
   880  0A1D                     	;# 
   881  0A1D                     	;# 
   882  0A1E                     	;# 
   883  0A1E                     	;# 
   884  0A1F                     	;# 
   885  0A1F                     	;# 
   886  0A1F                     	;# 
   887  1E0F                     	;# 
   888  1E10                     	;# 
   889  1E11                     	;# 
   890  1E12                     	;# 
   891  1E13                     	;# 
   892  1E14                     	;# 
   893  1E15                     	;# 
   894  1E16                     	;# 
   895  1E17                     	;# 
   896  1E18                     	;# 
   897  1E19                     	;# 
   898  1E1A                     	;# 
   899  1E1B                     	;# 
   900  1E1C                     	;# 
   901  1E1D                     	;# 
   902  1E1E                     	;# 
   903  1E1F                     	;# 
   904  1E20                     	;# 
   905  1E21                     	;# 
   906  1E22                     	;# 
   907  1E23                     	;# 
   908  1E24                     	;# 
   909  1E25                     	;# 
   910  1E26                     	;# 
   911  1E27                     	;# 
   912  1E28                     	;# 
   913  1E29                     	;# 
   914  1E2A                     	;# 
   915  1E2B                     	;# 
   916  1E2C                     	;# 
   917  1E2D                     	;# 
   918  1E2E                     	;# 
   919  1E2F                     	;# 
   920  1E30                     	;# 
   921  1E31                     	;# 
   922  1E32                     	;# 
   923  1E33                     	;# 
   924  1E34                     	;# 
   925  1E35                     	;# 
   926  1E36                     	;# 
   927  1E37                     	;# 
   928  1E8F                     	;# 
   929  1E90                     	;# 
   930  1E91                     	;# 
   931  1E92                     	;# 
   932  1E93                     	;# 
   933  1E9C                     	;# 
   934  1EA1                     	;# 
   935  1EA2                     	;# 
   936  1EB1                     	;# 
   937  1EBB                     	;# 
   938  1EBC                     	;# 
   939  1EBD                     	;# 
   940  1EBE                     	;# 
   941  1EC3                     	;# 
   942  1EC5                     	;# 
   943  1EC6                     	;# 
   944  1EC7                     	;# 
   945  1ECB                     	;# 
   946  1ECC                     	;# 
   947  1ECD                     	;# 
   948  1ECE                     	;# 
   949  1F10                     	;# 
   950  1F11                     	;# 
   951  1F12                     	;# 
   952  1F13                     	;# 
   953  1F14                     	;# 
   954  1F15                     	;# 
   955  1F1C                     	;# 
   956  1F1D                     	;# 
   957  1F1E                     	;# 
   958  1F1F                     	;# 
   959  1F20                     	;# 
   960  1F21                     	;# 
   961  1F22                     	;# 
   962  1F23                     	;# 
   963  1F24                     	;# 
   964  1F25                     	;# 
   965  1F26                     	;# 
   966  1F27                     	;# 
   967  1F38                     	;# 
   968  1F39                     	;# 
   969  1F3A                     	;# 
   970  1F3B                     	;# 
   971  1F3C                     	;# 
   972  1F3D                     	;# 
   973  1F3E                     	;# 
   974  1F3F                     	;# 
   975  1F43                     	;# 
   976  1F44                     	;# 
   977  1F45                     	;# 
   978  1F46                     	;# 
   979  1F47                     	;# 
   980  1F48                     	;# 
   981  1F49                     	;# 
   982  1F4A                     	;# 
   983  1F4E                     	;# 
   984  1F4F                     	;# 
   985  1F50                     	;# 
   986  1F51                     	;# 
   987  1F52                     	;# 
   988  1F53                     	;# 
   989  1F54                     	;# 
   990  1F55                     	;# 
   991  1FE4                     	;# 
   992  1FE5                     	;# 
   993  1FE6                     	;# 
   994  1FE7                     	;# 
   995  1FE8                     	;# 
   996  1FE8                     	;# 
   997  1FE9                     	;# 
   998  1FEA                     	;# 
   999  1FEA                     	;# 
  1000  1FEB                     	;# 
  1001  1FED                     	;# 
  1002  1FEE                     	;# 
  1003  1FEF                     	;# 
  1004  0018                     _LATAbits	set	24
  1005  001A                     _LATCbits	set	26
  1006  0019                     _LATBbits	set	25
  1007  0014                     _TRISC	set	20
  1008  0013                     _TRISB	set	19
  1009  0012                     _TRISA	set	18
  1010  001A                     _LATC	set	26
  1011  0019                     _LATB	set	25
  1012  0018                     _LATA	set	24
  1013  0892                     _OSCTUNE	set	2194
  1014  0890                     _OSCSTAT	set	2192
  1015  0893                     _OSCFRQ	set	2195
  1016  0891                     _OSCEN	set	2193
  1017  088F                     _OSCCON3	set	2191
  1018  088D                     _OSCCON1	set	2189
  1019  1F50                     _ODCONC	set	8016
  1020  1F45                     _ODCONB	set	8005
  1021  1F3A                     _ODCONA	set	7994
  1022  1F4F                     _WPUC	set	8015
  1023  1F39                     _WPUA	set	7993
  1024  1F44                     _WPUB	set	8004
  1025  1F38                     _ANSELA	set	7992
  1026  1F43                     _ANSELB	set	8003
  1027  1F4E                     _ANSELC	set	8014
  1028                           
  1029                           ; #config settings
  1030  0000                     
  1031                           	psect	cinit
  1032  07FD                     start_initialization:	
  1033  07FD                     __initialization:	
  1034  07FD                     end_of_initialization:	
  1035                           ;End of C runtime variable initialization code
  1036                           
  1037  07FD                     __end_of__initialization:	
  1038  07FD  0140               	movlb	0
  1039  07FE  3187  2F47         	ljmp	_main	;jump to C main() function
  1040                           
  1041                           	psect	cstackCOMMON
  1042  0070                     __pcstackCOMMON:	
  1043  0070                     ?_PIN_MANAGER_Initialize:	
  1044  0070                     ??_PIN_MANAGER_Initialize:	
  1045                           ; 1 bytes @ 0x0
  1046                           
  1047  0070                     ?_OSCILLATOR_Initialize:	
  1048                           ; 1 bytes @ 0x0
  1049                           
  1050  0070                     ??_OSCILLATOR_Initialize:	
  1051                           ; 1 bytes @ 0x0
  1052                           
  1053  0070                     ?_delay_ms:	
  1054                           ; 1 bytes @ 0x0
  1055                           
  1056  0070                     ?_SYSTEM_Initialize:	
  1057                           ; 1 bytes @ 0x0
  1058                           
  1059  0070                     ??_SYSTEM_Initialize:	
  1060                           ; 1 bytes @ 0x0
  1061                           
  1062  0070                     ?_main:	
  1063                           ; 1 bytes @ 0x0
  1064                           
  1065  0070                     delay_ms@milliseconds:	
  1066                           ; 1 bytes @ 0x0
  1067                           
  1068                           
  1069                           ; 2 bytes @ 0x0
  1070  0070                     	ds	2
  1071  0072                     ??_delay_ms:	
  1072  0072                     ??_main:	
  1073                           ; 1 bytes @ 0x2
  1074                           
  1075                           
  1076                           	psect	maintext
  1077  0747                     __pmaintext:	
  1078                           ; 1 bytes @ 0x2
  1079 ;;
  1080 ;;Main: autosize = 0, tempsize = 0, incstack = 0, save=0
  1081 ;;
  1082 ;; *************** function _main *****************
  1083 ;; Defined at:
  1084 ;;		line 53 in file "main.c"
  1085 ;; Parameters:    Size  Location     Type
  1086 ;;		None
  1087 ;; Auto vars:     Size  Location     Type
  1088 ;;		None
  1089 ;; Return value:  Size  Location     Type
  1090 ;;                  1    wreg      void 
  1091 ;; Registers used:
  1092 ;;		wreg, status,2, status,0, pclath, cstack
  1093 ;; Tracked objects:
  1094 ;;		On entry : B3F/0
  1095 ;;		On exit  : 0/0
  1096 ;;		Unchanged: 0/0
  1097 ;; Data sizes:     COMMON   BANK0   BANK1   BANK2   BANK3   BANK4   BANK5   BANK6   BANK7   BANK8   BANK9  BANK10  BANK1
      +1  BANK12
  1098 ;;      Params:         0       0       0       0       0       0       0       0       0       0       0       0       
      +0       0
  1099 ;;      Locals:         0       0       0       0       0       0       0       0       0       0       0       0       
      +0       0
  1100 ;;      Temps:          0       0       0       0       0       0       0       0       0       0       0       0       
      +0       0
  1101 ;;      Totals:         0       0       0       0       0       0       0       0       0       0       0       0       
      +0       0
  1102 ;;Total ram usage:        0 bytes
  1103 ;; Hardware stack levels required when called:    2
  1104 ;; This function calls:
  1105 ;;		_SYSTEM_Initialize
  1106 ;;		_delay_ms
  1107 ;; This function is called by:
  1108 ;;		Startup code after reset
  1109 ;; This function uses a non-reentrant model
  1110 ;;
  1111                           
  1112                           
  1113                           ;psect for function _main
  1114  0747                     _main:	
  1115                           
  1116                           ;main.c: 56: SYSTEM_Initialize();
  1117                           
  1118                           ;incstack = 0
  1119                           ; Regs used in _main: [wreg+status,2+status,0+pclath+cstack]
  1120  0747  3187  2717  3187   	fcall	_SYSTEM_Initialize
  1121  074A                     l576:	
  1122                           ;main.c: 74: {
  1123                           ;main.c: 76: do { LATBbits.LATB6 = ~LATBbits.LATB6; } while(0);
  1124                           
  1125                           ;main.c: 73: while (1)
  1126                           
  1127  074A  1003               	clrc
  1128  074B  0140               	movlb	0	; select bank0
  1129  074C  1F19               	btfss	25,6	;volatile
  1130  074D  1403               	setc
  1131  074E  1C03               	btfss	3,0
  1132  074F  2F53               	goto	u370
  1133  0750  0140               	movlb	0	; select bank0
  1134  0751  1719               	bsf	25,6	;volatile
  1135  0752  2F55               	goto	l578
  1136  0753                     u370:	
  1137  0753  0140               	movlb	0	; select bank0
  1138  0754  1319               	bcf	25,6	;volatile
  1139  0755                     l578:	
  1140                           ;main.c: 77: do { LATBbits.LATB5 = ~LATBbits.LATB5; } while(0);
  1141                           
  1142  0755  1003               	clrc
  1143  0756  1E99               	btfss	25,5	;volatile
  1144  0757  1403               	setc
  1145  0758  1C03               	btfss	3,0
  1146  0759  2F5D               	goto	u390
  1147  075A  0140               	movlb	0	; select bank0
  1148  075B  1699               	bsf	25,5	;volatile
  1149  075C  2F5F               	goto	l580
  1150  075D                     u390:	
  1151  075D  0140               	movlb	0	; select bank0
  1152  075E  1299               	bcf	25,5	;volatile
  1153  075F                     l580:	
  1154                           ;main.c: 78: do { LATBbits.LATB4 = ~LATBbits.LATB4; } while(0);
  1155                           
  1156  075F  1003               	clrc
  1157  0760  1E19               	btfss	25,4	;volatile
  1158  0761  1403               	setc
  1159  0762  1C03               	btfss	3,0
  1160  0763  2F67               	goto	u410
  1161  0764  0140               	movlb	0	; select bank0
  1162  0765  1619               	bsf	25,4	;volatile
  1163  0766  2F69               	goto	l582
  1164  0767                     u410:	
  1165  0767  0140               	movlb	0	; select bank0
  1166  0768  1219               	bcf	25,4	;volatile
  1167  0769                     l582:	
  1168                           ;main.c: 79: do { LATCbits.LATC2 = ~LATCbits.LATC2; } while(0);
  1169                           
  1170  0769  1003               	clrc
  1171  076A  1D1A               	btfss	26,2	;volatile
  1172  076B  1403               	setc
  1173  076C  1C03               	btfss	3,0
  1174  076D  2F71               	goto	u430
  1175  076E  0140               	movlb	0	; select bank0
  1176  076F  151A               	bsf	26,2	;volatile
  1177  0770  2F73               	goto	l584
  1178  0771                     u430:	
  1179  0771  0140               	movlb	0	; select bank0
  1180  0772  111A               	bcf	26,2	;volatile
  1181  0773                     l584:	
  1182                           ;main.c: 80: do { LATCbits.LATC1 = ~LATCbits.LATC1; } while(0);
  1183                           
  1184  0773  1003               	clrc
  1185  0774  1C9A               	btfss	26,1	;volatile
  1186  0775  1403               	setc
  1187  0776  1C03               	btfss	3,0
  1188  0777  2F7B               	goto	u450
  1189  0778  0140               	movlb	0	; select bank0
  1190  0779  149A               	bsf	26,1	;volatile
  1191  077A  2F7D               	goto	l586
  1192  077B                     u450:	
  1193  077B  0140               	movlb	0	; select bank0
  1194  077C  109A               	bcf	26,1	;volatile
  1195  077D                     l586:	
  1196                           ;main.c: 81: do { LATCbits.LATC0 = ~LATCbits.LATC0; } while(0);
  1197                           
  1198  077D  1003               	clrc
  1199  077E  1C1A               	btfss	26,0	;volatile
  1200  077F  1403               	setc
  1201  0780  1C03               	btfss	3,0
  1202  0781  2F85               	goto	u470
  1203  0782  0140               	movlb	0	; select bank0
  1204  0783  141A               	bsf	26,0	;volatile
  1205  0784  2F87               	goto	l588
  1206  0785                     u470:	
  1207  0785  0140               	movlb	0	; select bank0
  1208  0786  101A               	bcf	26,0	;volatile
  1209  0787                     l588:	
  1210                           ;main.c: 82: do { LATAbits.LATA2 = ~LATAbits.LATA2; } while(0);
  1211                           
  1212  0787  1003               	clrc
  1213  0788  1D18               	btfss	24,2	;volatile
  1214  0789  1403               	setc
  1215  078A  1C03               	btfss	3,0
  1216  078B  2F8F               	goto	u490
  1217  078C  0140               	movlb	0	; select bank0
  1218  078D  1518               	bsf	24,2	;volatile
  1219  078E  2F91               	goto	l590
  1220  078F                     u490:	
  1221  078F  0140               	movlb	0	; select bank0
  1222  0790  1118               	bcf	24,2	;volatile
  1223  0791                     l590:	
  1224                           ;main.c: 83: do { LATAbits.LATA1 = ~LATAbits.LATA1; } while(0);
  1225                           
  1226  0791  1003               	clrc
  1227  0792  1C98               	btfss	24,1	;volatile
  1228  0793  1403               	setc
  1229  0794  1C03               	btfss	3,0
  1230  0795  2F99               	goto	u510
  1231  0796  0140               	movlb	0	; select bank0
  1232  0797  1498               	bsf	24,1	;volatile
  1233  0798  2F9B               	goto	l592
  1234  0799                     u510:	
  1235  0799  0140               	movlb	0	; select bank0
  1236  079A  1098               	bcf	24,1	;volatile
  1237  079B                     l592:	
  1238                           ;main.c: 84: do { LATAbits.LATA0 = ~LATAbits.LATA0; } while(0);
  1239                           
  1240  079B  1003               	clrc
  1241  079C  1C18               	btfss	24,0	;volatile
  1242  079D  1403               	setc
  1243  079E  1C03               	btfss	3,0
  1244  079F  2FA3               	goto	u530
  1245  07A0  0140               	movlb	0	; select bank0
  1246  07A1  1418               	bsf	24,0	;volatile
  1247  07A2  2FA5               	goto	l594
  1248  07A3                     u530:	
  1249  07A3  0140               	movlb	0	; select bank0
  1250  07A4  1018               	bcf	24,0	;volatile
  1251  07A5                     l594:	
  1252                           ;main.c: 85: do { LATBbits.LATB7 = ~LATBbits.LATB7; } while(0);
  1253                           
  1254  07A5  1003               	clrc
  1255  07A6  1F99               	btfss	25,7	;volatile
  1256  07A7  1403               	setc
  1257  07A8  1C03               	btfss	3,0
  1258  07A9  2FAD               	goto	u550
  1259  07AA  0140               	movlb	0	; select bank0
  1260  07AB  1799               	bsf	25,7	;volatile
  1261  07AC  2FAF               	goto	l596
  1262  07AD                     u550:	
  1263  07AD  0140               	movlb	0	; select bank0
  1264  07AE  1399               	bcf	25,7	;volatile
  1265  07AF                     l596:	
  1266                           ;main.c: 86: do { LATCbits.LATC7 = ~LATCbits.LATC7; } while(0);
  1267                           
  1268  07AF  1003               	clrc
  1269  07B0  1F9A               	btfss	26,7	;volatile
  1270  07B1  1403               	setc
  1271  07B2  1C03               	btfss	3,0
  1272  07B3  2FB7               	goto	u570
  1273  07B4  0140               	movlb	0	; select bank0
  1274  07B5  179A               	bsf	26,7	;volatile
  1275  07B6  2FB9               	goto	l598
  1276  07B7                     u570:	
  1277  07B7  0140               	movlb	0	; select bank0
  1278  07B8  139A               	bcf	26,7	;volatile
  1279  07B9                     l598:	
  1280                           ;main.c: 87: do { LATCbits.LATC6 = ~LATCbits.LATC6; } while(0);
  1281                           
  1282  07B9  1003               	clrc
  1283  07BA  1F1A               	btfss	26,6	;volatile
  1284  07BB  1403               	setc
  1285  07BC  1C03               	btfss	3,0
  1286  07BD  2FC1               	goto	u590
  1287  07BE  0140               	movlb	0	; select bank0
  1288  07BF  171A               	bsf	26,6	;volatile
  1289  07C0  2FC3               	goto	l600
  1290  07C1                     u590:	
  1291  07C1  0140               	movlb	0	; select bank0
  1292  07C2  131A               	bcf	26,6	;volatile
  1293  07C3                     l600:	
  1294                           ;main.c: 88: do { LATCbits.LATC3 = ~LATCbits.LATC3; } while(0);
  1295                           
  1296  07C3  1003               	clrc
  1297  07C4  1D9A               	btfss	26,3	;volatile
  1298  07C5  1403               	setc
  1299  07C6  1C03               	btfss	3,0
  1300  07C7  2FCB               	goto	u610
  1301  07C8  0140               	movlb	0	; select bank0
  1302  07C9  159A               	bsf	26,3	;volatile
  1303  07CA  2FCD               	goto	l602
  1304  07CB                     u610:	
  1305  07CB  0140               	movlb	0	; select bank0
  1306  07CC  119A               	bcf	26,3	;volatile
  1307  07CD                     l602:	
  1308                           ;main.c: 89: do { LATCbits.LATC4 = ~LATCbits.LATC4; } while(0);
  1309                           
  1310  07CD  1003               	clrc
  1311  07CE  1E1A               	btfss	26,4	;volatile
  1312  07CF  1403               	setc
  1313  07D0  1C03               	btfss	3,0
  1314  07D1  2FD5               	goto	u630
  1315  07D2  0140               	movlb	0	; select bank0
  1316  07D3  161A               	bsf	26,4	;volatile
  1317  07D4  2FD7               	goto	l604
  1318  07D5                     u630:	
  1319  07D5  0140               	movlb	0	; select bank0
  1320  07D6  121A               	bcf	26,4	;volatile
  1321  07D7                     l604:	
  1322                           ;main.c: 90: do { LATCbits.LATC5 = ~LATCbits.LATC5; } while(0);
  1323                           
  1324  07D7  1003               	clrc
  1325  07D8  1E9A               	btfss	26,5	;volatile
  1326  07D9  1403               	setc
  1327  07DA  1C03               	btfss	3,0
  1328  07DB  2FDF               	goto	u650
  1329  07DC  0140               	movlb	0	; select bank0
  1330  07DD  169A               	bsf	26,5	;volatile
  1331  07DE  2FE1               	goto	l606
  1332  07DF                     u650:	
  1333  07DF  0140               	movlb	0	; select bank0
  1334  07E0  129A               	bcf	26,5	;volatile
  1335  07E1                     l606:	
  1336                           ;main.c: 91: do { LATAbits.LATA4 = ~LATAbits.LATA4; } while(0);
  1337                           
  1338  07E1  1003               	clrc
  1339  07E2  1E18               	btfss	24,4	;volatile
  1340  07E3  1403               	setc
  1341  07E4  1C03               	btfss	3,0
  1342  07E5  2FE9               	goto	u670
  1343  07E6  0140               	movlb	0	; select bank0
  1344  07E7  1618               	bsf	24,4	;volatile
  1345  07E8  2FEB               	goto	l608
  1346  07E9                     u670:	
  1347  07E9  0140               	movlb	0	; select bank0
  1348  07EA  1218               	bcf	24,4	;volatile
  1349  07EB                     l608:	
  1350                           ;main.c: 92: do { LATAbits.LATA5 = ~LATAbits.LATA5; } while(0);
  1351                           
  1352  07EB  1003               	clrc
  1353  07EC  1E98               	btfss	24,5	;volatile
  1354  07ED  1403               	setc
  1355  07EE  1C03               	btfss	3,0
  1356  07EF  2FF3               	goto	u690
  1357  07F0  0140               	movlb	0	; select bank0
  1358  07F1  1698               	bsf	24,5	;volatile
  1359  07F2  2FF5               	goto	l610
  1360  07F3                     u690:	
  1361  07F3  0140               	movlb	0	; select bank0
  1362  07F4  1298               	bcf	24,5	;volatile
  1363  07F5                     l610:	
  1364                           
  1365                           ;main.c: 93: delay_ms(1000);
  1366  07F5  30E8               	movlw	232
  1367  07F6  00F0               	movwf	delay_ms@milliseconds
  1368  07F7  3003               	movlw	3
  1369  07F8  00F1               	movwf	delay_ms@milliseconds+1
  1370  07F9  3187  2727  3187   	fcall	_delay_ms
  1371  07FC  2F4A               	goto	l576
  1372  07FD                     __end_of_main:	
  1373                           
  1374                           	psect	text1
  1375  0727                     __ptext1:	
  1376 ;; *************** function _delay_ms *****************
  1377 ;; Defined at:
  1378 ;;		line 98 in file "main.c"
  1379 ;; Parameters:    Size  Location     Type
  1380 ;;  milliseconds    2    0[COMMON] unsigned int 
  1381 ;; Auto vars:     Size  Location     Type
  1382 ;;		None
  1383 ;; Return value:  Size  Location     Type
  1384 ;;                  1    wreg      void 
  1385 ;; Registers used:
  1386 ;;		wreg, status,2, status,0
  1387 ;; Tracked objects:
  1388 ;;		On entry : 0/0
  1389 ;;		On exit  : 0/0
  1390 ;;		Unchanged: 0/0
  1391 ;; Data sizes:     COMMON   BANK0   BANK1   BANK2   BANK3   BANK4   BANK5   BANK6   BANK7   BANK8   BANK9  BANK10  BANK1
      +1  BANK12
  1392 ;;      Params:         2       0       0       0       0       0       0       0       0       0       0       0       
      +0       0
  1393 ;;      Locals:         0       0       0       0       0       0       0       0       0       0       0       0       
      +0       0
  1394 ;;      Temps:          0       0       0       0       0       0       0       0       0       0       0       0       
      +0       0
  1395 ;;      Totals:         2       0       0       0       0       0       0       0       0       0       0       0       
      +0       0
  1396 ;;Total ram usage:        2 bytes
  1397 ;; Hardware stack levels used:    1
  1398 ;; This function calls:
  1399 ;;		Nothing
  1400 ;; This function is called by:
  1401 ;;		_main
  1402 ;; This function uses a non-reentrant model
  1403 ;;
  1404                           
  1405                           
  1406                           ;psect for function _delay_ms
  1407  0727                     _delay_ms:	
  1408  0727                     l572:	
  1409                           ;main.c: 100: while(milliseconds > 0)
  1410                           
  1411                           ;incstack = 0
  1412                           ; Regs used in _delay_ms: [wreg+status,2+status,0]
  1413                           
  1414  0727  0870               	movf	delay_ms@milliseconds,w
  1415  0728  0471               	iorwf	delay_ms@milliseconds+1,w
  1416  0729  1903               	btfsc	3,2
  1417  072A  0008               	return
  1418                           
  1419                           ;main.c: 101: {
  1420                           ;main.c: 102: milliseconds--;
  1421  072B  3001               	movlw	1
  1422  072C  02F0               	subwf	delay_ms@milliseconds,f
  1423  072D  3000               	movlw	0
  1424  072E  3BF1               	subwfb	delay_ms@milliseconds+1,f
  1425                           
  1426                           ;main.c: 103: _delay((unsigned long)((990)*(1000000/4000000.0)));
  1427  072F  3052               	movlw	82
  1428  0730                     u717:	
  1429  0730  0B89               	decfsz	9,f
  1430  0731  2F30               	goto	u717
  1431  0732  0000               	nop
  1432  0733  2F27               	goto	l572
  1433  0734                     __end_of_delay_ms:	
  1434                           
  1435                           	psect	text2
  1436  0717                     __ptext2:	
  1437 ;; *************** function _SYSTEM_Initialize *****************
  1438 ;; Defined at:
  1439 ;;		line 86 in file "mcc_generated_files/mcc.c"
  1440 ;; Parameters:    Size  Location     Type
  1441 ;;		None
  1442 ;; Auto vars:     Size  Location     Type
  1443 ;;		None
  1444 ;; Return value:  Size  Location     Type
  1445 ;;                  1    wreg      void 
  1446 ;; Registers used:
  1447 ;;		wreg, status,2, status,0, pclath, cstack
  1448 ;; Tracked objects:
  1449 ;;		On entry : 0/0
  1450 ;;		On exit  : 0/0
  1451 ;;		Unchanged: 0/0
  1452 ;; Data sizes:     COMMON   BANK0   BANK1   BANK2   BANK3   BANK4   BANK5   BANK6   BANK7   BANK8   BANK9  BANK10  BANK1
      +1  BANK12
  1453 ;;      Params:         0       0       0       0       0       0       0       0       0       0       0       0       
      +0       0
  1454 ;;      Locals:         0       0       0       0       0       0       0       0       0       0       0       0       
      +0       0
  1455 ;;      Temps:          0       0       0       0       0       0       0       0       0       0       0       0       
      +0       0
  1456 ;;      Totals:         0       0       0       0       0       0       0       0       0       0       0       0       
      +0       0
  1457 ;;Total ram usage:        0 bytes
  1458 ;; Hardware stack levels used:    1
  1459 ;; Hardware stack levels required when called:    1
  1460 ;; This function calls:
  1461 ;;		_OSCILLATOR_Initialize
  1462 ;;		_PIN_MANAGER_Initialize
  1463 ;; This function is called by:
  1464 ;;		_main
  1465 ;; This function uses a non-reentrant model
  1466 ;;
  1467                           
  1468                           
  1469                           ;psect for function _SYSTEM_Initialize
  1470  0717                     _SYSTEM_Initialize:	
  1471                           
  1472                           ;mcc.c: 89: PIN_MANAGER_Initialize();
  1473                           
  1474                           ;incstack = 0
  1475                           ; Regs used in _SYSTEM_Initialize: [wreg+status,2+status,0+pclath+cstack]
  1476  0717  3187  2734  3187   	fcall	_PIN_MANAGER_Initialize
  1477                           
  1478                           ;mcc.c: 90: OSCILLATOR_Initialize();
  1479  071A  3187  271D         	fcall	_OSCILLATOR_Initialize
  1480  071C  0008               	return
  1481  071D                     __end_of_SYSTEM_Initialize:	
  1482                           
  1483                           	psect	text3
  1484  0734                     __ptext3:	
  1485 ;; *************** function _PIN_MANAGER_Initialize *****************
  1486 ;; Defined at:
  1487 ;;		line 52 in file "mcc_generated_files/pin_manager.c"
  1488 ;; Parameters:    Size  Location     Type
  1489 ;;		None
  1490 ;; Auto vars:     Size  Location     Type
  1491 ;;		None
  1492 ;; Return value:  Size  Location     Type
  1493 ;;                  1    wreg      void 
  1494 ;; Registers used:
  1495 ;;		wreg, status,2
  1496 ;; Tracked objects:
  1497 ;;		On entry : 0/0
  1498 ;;		On exit  : 0/0
  1499 ;;		Unchanged: 0/0
  1500 ;; Data sizes:     COMMON   BANK0   BANK1   BANK2   BANK3   BANK4   BANK5   BANK6   BANK7   BANK8   BANK9  BANK10  BANK1
      +1  BANK12
  1501 ;;      Params:         0       0       0       0       0       0       0       0       0       0       0       0       
      +0       0
  1502 ;;      Locals:         0       0       0       0       0       0       0       0       0       0       0       0       
      +0       0
  1503 ;;      Temps:          0       0       0       0       0       0       0       0       0       0       0       0       
      +0       0
  1504 ;;      Totals:         0       0       0       0       0       0       0       0       0       0       0       0       
      +0       0
  1505 ;;Total ram usage:        0 bytes
  1506 ;; Hardware stack levels used:    1
  1507 ;; This function calls:
  1508 ;;		Nothing
  1509 ;; This function is called by:
  1510 ;;		_SYSTEM_Initialize
  1511 ;; This function uses a non-reentrant model
  1512 ;;
  1513                           
  1514                           
  1515                           ;psect for function _PIN_MANAGER_Initialize
  1516  0734                     _PIN_MANAGER_Initialize:	
  1517                           
  1518                           ;pin_manager.c: 57: LATA = 0x00;
  1519                           
  1520                           ;incstack = 0
  1521                           ; Regs used in _PIN_MANAGER_Initialize: [wreg+status,2]
  1522  0734  0140               	movlb	0	; select bank0
  1523  0735  0198               	clrf	24	;volatile
  1524                           
  1525                           ;pin_manager.c: 58: LATB = 0x00;
  1526  0736  0199               	clrf	25	;volatile
  1527                           
  1528                           ;pin_manager.c: 59: LATC = 0x00;
  1529  0737  019A               	clrf	26	;volatile
  1530                           
  1531                           ;pin_manager.c: 64: TRISA = 0x00;
  1532  0738  0192               	clrf	18	;volatile
  1533                           
  1534                           ;pin_manager.c: 65: TRISB = 0x00;
  1535  0739  0193               	clrf	19	;volatile
  1536                           
  1537                           ;pin_manager.c: 66: TRISC = 0x00;
  1538  073A  0194               	clrf	20	;volatile
  1539                           
  1540                           ;pin_manager.c: 71: ANSELC = 0x00;
  1541  073B  017E               	movlb	62	; select bank62
  1542  073C  01CE               	clrf	78	;volatile
  1543                           
  1544                           ;pin_manager.c: 72: ANSELB = 0x0F;
  1545  073D  300F               	movlw	15
  1546  073E  00C3               	movwf	67	;volatile
  1547                           
  1548                           ;pin_manager.c: 73: ANSELA = 0x00;
  1549  073F  01B8               	clrf	56	;volatile
  1550                           
  1551                           ;pin_manager.c: 78: WPUB = 0x00;
  1552  0740  01C4               	clrf	68	;volatile
  1553                           
  1554                           ;pin_manager.c: 79: WPUA = 0x00;
  1555  0741  01B9               	clrf	57	;volatile
  1556                           
  1557                           ;pin_manager.c: 80: WPUC = 0x00;
  1558  0742  01CF               	clrf	79	;volatile
  1559                           
  1560                           ;pin_manager.c: 85: ODCONA = 0x00;
  1561  0743  01BA               	clrf	58	;volatile
  1562                           
  1563                           ;pin_manager.c: 86: ODCONB = 0x00;
  1564  0744  01C5               	clrf	69	;volatile
  1565                           
  1566                           ;pin_manager.c: 87: ODCONC = 0x00;
  1567  0745  01D0               	clrf	80	;volatile
  1568  0746  0008               	return
  1569  0747                     __end_of_PIN_MANAGER_Initialize:	
  1570                           
  1571                           	psect	text4
  1572  071D                     __ptext4:	
  1573 ;; *************** function _OSCILLATOR_Initialize *****************
  1574 ;; Defined at:
  1575 ;;		line 93 in file "mcc_generated_files/mcc.c"
  1576 ;; Parameters:    Size  Location     Type
  1577 ;;		None
  1578 ;; Auto vars:     Size  Location     Type
  1579 ;;		None
  1580 ;; Return value:  Size  Location     Type
  1581 ;;                  1    wreg      void 
  1582 ;; Registers used:
  1583 ;;		wreg, status,2
  1584 ;; Tracked objects:
  1585 ;;		On entry : 0/0
  1586 ;;		On exit  : 0/0
  1587 ;;		Unchanged: 0/0
  1588 ;; Data sizes:     COMMON   BANK0   BANK1   BANK2   BANK3   BANK4   BANK5   BANK6   BANK7   BANK8   BANK9  BANK10  BANK1
      +1  BANK12
  1589 ;;      Params:         0       0       0       0       0       0       0       0       0       0       0       0       
      +0       0
  1590 ;;      Locals:         0       0       0       0       0       0       0       0       0       0       0       0       
      +0       0
  1591 ;;      Temps:          0       0       0       0       0       0       0       0       0       0       0       0       
      +0       0
  1592 ;;      Totals:         0       0       0       0       0       0       0       0       0       0       0       0       
      +0       0
  1593 ;;Total ram usage:        0 bytes
  1594 ;; Hardware stack levels used:    1
  1595 ;; This function calls:
  1596 ;;		Nothing
  1597 ;; This function is called by:
  1598 ;;		_SYSTEM_Initialize
  1599 ;; This function uses a non-reentrant model
  1600 ;;
  1601                           
  1602                           
  1603                           ;psect for function _OSCILLATOR_Initialize
  1604  071D                     _OSCILLATOR_Initialize:	
  1605                           
  1606                           ;mcc.c: 96: OSCCON1 = 0x62;
  1607                           
  1608                           ;incstack = 0
  1609                           ; Regs used in _OSCILLATOR_Initialize: [wreg+status,2]
  1610  071D  3062               	movlw	98
  1611  071E  0151               	movlb	17	; select bank17
  1612  071F  008D               	movwf	13	;volatile
  1613                           
  1614                           ;mcc.c: 98: OSCCON3 = 0x00;
  1615  0720  018F               	clrf	15	;volatile
  1616                           
  1617                           ;mcc.c: 100: OSCEN = 0x00;
  1618  0721  0191               	clrf	17	;volatile
  1619                           
  1620                           ;mcc.c: 102: OSCFRQ = 0x02;
  1621  0722  3002               	movlw	2
  1622  0723  0093               	movwf	19	;volatile
  1623                           
  1624                           ;mcc.c: 104: OSCSTAT = 0x00;
  1625  0724  0190               	clrf	16	;volatile
  1626                           
  1627                           ;mcc.c: 106: OSCTUNE = 0x00;
  1628  0725  0192               	clrf	18	;volatile
  1629  0726  0008               	return
  1630  0727                     __end_of_OSCILLATOR_Initialize:	
  1631  007E                     btemp	set	126	;btemp
  1632  007E                     wtemp0	set	126


Data Sizes:
    Strings     0
    Constant    0
    Data        0
    BSS         0
    Persistent  0
    Stack       0

Auto Spaces:
    Space          Size  Autos    Used
    COMMON           14      2       2
    BANK0            80      0       0
    BANK1            80      0       0
    BANK2            80      0       0
    BANK3            80      0       0
    BANK4            80      0       0
    BANK5            80      0       0
    BANK6            80      0       0
    BANK7            80      0       0
    BANK8            80      0       0
    BANK9            80      0       0
    BANK10           80      0       0
    BANK11           80      0       0
    BANK12           48      0       0

Pointer List with Targets:

    None.

Critical Paths under _main in COMMON

    _main->_delay_ms

Critical Paths under _main in BANK0

    None.

Critical Paths under _main in BANK1

    None.

Critical Paths under _main in BANK2

    None.

Critical Paths under _main in BANK3

    None.

Critical Paths under _main in BANK4

    None.

Critical Paths under _main in BANK5

    None.

Critical Paths under _main in BANK6

    None.

Critical Paths under _main in BANK7

    None.

Critical Paths under _main in BANK8

    None.

Critical Paths under _main in BANK9

    None.

Critical Paths under _main in BANK10

    None.

Critical Paths under _main in BANK11

    None.

Critical Paths under _main in BANK12

    None.

Call Graph Tables:

 ---------------------------------------------------------------------------------
 (Depth) Function   	        Calls       Base Space   Used Autos Params    Refs
 ---------------------------------------------------------------------------------
 (0) _main                                                 0     0      0      66
                  _SYSTEM_Initialize
                           _delay_ms
 ---------------------------------------------------------------------------------
 (1) _delay_ms                                             2     0      2      66
                                              0 COMMON     2     0      2
 ---------------------------------------------------------------------------------
 (1) _SYSTEM_Initialize                                    0     0      0       0
              _OSCILLATOR_Initialize
             _PIN_MANAGER_Initialize
 ---------------------------------------------------------------------------------
 (2) _PIN_MANAGER_Initialize                               0     0      0       0
 ---------------------------------------------------------------------------------
 (2) _OSCILLATOR_Initialize                                0     0      0       0
 ---------------------------------------------------------------------------------
 Estimated maximum stack depth 2
 ---------------------------------------------------------------------------------

 Call Graph Graphs:

 _main (ROOT)
   _SYSTEM_Initialize
     _OSCILLATOR_Initialize
     _PIN_MANAGER_Initialize
   _delay_ms

 Address spaces:
Name               Size   Autos  Total    Cost      Usage
BIGRAM             3F0      0       0       0        0.0%
NULL                 0      0       0       0        0.0%
CODE                 0      0       0       0        0.0%
BITCOMMON            E      0       0       1        0.0%
BITSFR0              0      0       0       1        0.0%
SFR0                 0      0       0       1        0.0%
COMMON               E      2       2       2       14.3%
BITSFR1              0      0       0       2        0.0%
SFR1                 0      0       0       2        0.0%
BITSFR2              0      0       0       3        0.0%
SFR2                 0      0       0       3        0.0%
STACK                0      0       0       3        0.0%
BITSFR3              0      0       0       4        0.0%
SFR3                 0      0       0       4        0.0%
ABS                  0      0       0       4        0.0%
BITBANK0            50      0       0       5        0.0%
BITSFR4              0      0       0       5        0.0%
SFR4                 0      0       0       5        0.0%
BANK0               50      0       0       6        0.0%
BITSFR5              0      0       0       6        0.0%
SFR5                 0      0       0       6        0.0%
BITBANK1            50      0       0       7        0.0%
BITSFR6              0      0       0       7        0.0%
SFR6                 0      0       0       7        0.0%
BANK1               50      0       0       8        0.0%
BITSFR7              0      0       0       8        0.0%
SFR7                 0      0       0       8        0.0%
BITBANK2            50      0       0       9        0.0%
BITSFR8              0      0       0       9        0.0%
SFR8                 0      0       0       9        0.0%
BANK2               50      0       0      10        0.0%
BITSFR9              0      0       0      10        0.0%
SFR9                 0      0       0      10        0.0%
BITBANK3            50      0       0      11        0.0%
BITSFR10             0      0       0      11        0.0%
SFR10                0      0       0      11        0.0%
BANK3               50      0       0      12        0.0%
BITSFR11             0      0       0      12        0.0%
SFR11                0      0       0      12        0.0%
BITBANK4            50      0       0      13        0.0%
BITSFR12             0      0       0      13        0.0%
SFR12                0      0       0      13        0.0%
BANK4               50      0       0      14        0.0%
BITSFR13             0      0       0      14        0.0%
SFR13                0      0       0      14        0.0%
BITBANK5            50      0       0      15        0.0%
BITSFR14             0      0       0      15        0.0%
SFR14                0      0       0      15        0.0%
BANK5               50      0       0      16        0.0%
BITSFR15             0      0       0      16        0.0%
SFR15                0      0       0      16        0.0%
BITBANK6            50      0       0      17        0.0%
BITSFR16             0      0       0      17        0.0%
SFR16                0      0       0      17        0.0%
BANK6               50      0       0      18        0.0%
BITSFR17             0      0       0      18        0.0%
SFR17                0      0       0      18        0.0%
BITBANK7            50      0       0      19        0.0%
BITSFR18             0      0       0      19        0.0%
SFR18                0      0       0      19        0.0%
BANK7               50      0       0      20        0.0%
BITSFR19             0      0       0      20        0.0%
SFR19                0      0       0      20        0.0%
BITBANK8            50      0       0      21        0.0%
BITSFR20             0      0       0      21        0.0%
SFR20                0      0       0      21        0.0%
BANK8               50      0       0      22        0.0%
BITSFR21             0      0       0      22        0.0%
SFR21                0      0       0      22        0.0%
BITBANK9            50      0       0      23        0.0%
BITSFR22             0      0       0      23        0.0%
SFR22                0      0       0      23        0.0%
BANK9               50      0       0      24        0.0%
BITSFR23             0      0       0      24        0.0%
SFR23                0      0       0      24        0.0%
BITBANK10           50      0       0      25        0.0%
BITSFR24             0      0       0      25        0.0%
SFR24                0      0       0      25        0.0%
BANK10              50      0       0      26        0.0%
BITSFR25             0      0       0      26        0.0%
SFR25                0      0       0      26        0.0%
BITBANK11           50      0       0      27        0.0%
BITSFR26             0      0       0      27        0.0%
SFR26                0      0       0      27        0.0%
BANK11              50      0       0      28        0.0%
BITSFR27             0      0       0      28        0.0%
SFR27                0      0       0      28        0.0%
BITBANK12           30      0       0      29        0.0%
BITSFR28             0      0       0      29        0.0%
SFR28                0      0       0      29        0.0%
BANK12              30      0       0      30        0.0%
BITSFR29             0      0       0      30        0.0%
SFR29                0      0       0      30        0.0%
BITSFR30             0      0       0      31        0.0%
SFR30                0      0       0      31        0.0%
DATA                 0      0       0      31        0.0%
BITSFR31             0      0       0      32        0.0%
SFR31                0      0       0      32        0.0%
BITSFR32             0      0       0      33        0.0%
SFR32                0      0       0      33        0.0%
BITSFR33             0      0       0      34        0.0%
SFR33                0      0       0      34        0.0%
BITSFR34             0      0       0      35        0.0%
SFR34                0      0       0      35        0.0%
BITSFR35             0      0       0      36        0.0%
SFR35                0      0       0      36        0.0%
BITSFR36             0      0       0      37        0.0%
SFR36                0      0       0      37        0.0%
BITSFR37             0      0       0      38        0.0%
SFR37                0      0       0      38        0.0%
BITSFR38             0      0       0      39        0.0%
SFR38                0      0       0      39        0.0%
BITSFR39             0      0       0      40        0.0%
SFR39                0      0       0      40        0.0%
BITSFR40             0      0       0      41        0.0%
SFR40                0      0       0      41        0.0%
BITSFR41             0      0       0      42        0.0%
SFR41                0      0       0      42        0.0%
BITSFR42             0      0       0      43        0.0%
SFR42                0      0       0      43        0.0%
BITSFR43             0      0       0      44        0.0%
SFR43                0      0       0      44        0.0%
BITSFR44             0      0       0      45        0.0%
SFR44                0      0       0      45        0.0%
BITSFR45             0      0       0      46        0.0%
SFR45                0      0       0      46        0.0%
BITSFR46             0      0       0      47        0.0%
SFR46                0      0       0      47        0.0%
BITSFR47             0      0       0      48        0.0%
SFR47                0      0       0      48        0.0%
BITSFR48             0      0       0      49        0.0%
SFR48                0      0       0      49        0.0%
BITSFR49             0      0       0      50        0.0%
SFR49                0      0       0      50        0.0%
BITSFR50             0      0       0      51        0.0%
SFR50                0      0       0      51        0.0%
BITSFR51             0      0       0      52        0.0%
SFR51                0      0       0      52        0.0%
BITSFR52             0      0       0      53        0.0%
SFR52                0      0       0      53        0.0%
BITSFR53             0      0       0      54        0.0%
SFR53                0      0       0      54        0.0%
BITSFR54             0      0       0      55        0.0%
SFR54                0      0       0      55        0.0%
BITSFR55             0      0       0      56        0.0%
SFR55                0      0       0      56        0.0%
BITSFR56             0      0       0      57        0.0%
SFR56                0      0       0      57        0.0%
BITSFR57             0      0       0      58        0.0%
SFR57                0      0       0      58        0.0%
BITSFR58             0      0       0      59        0.0%
SFR58                0      0       0      59        0.0%
BITSFR59             0      0       0      60        0.0%
SFR59                0      0       0      60        0.0%
BITSFR60             0      0       0      61        0.0%
SFR60                0      0       0      61        0.0%
BITSFR61             0      0       0      62        0.0%
SFR61                0      0       0      62        0.0%
BITSFR62             0      0       0      63        0.0%
SFR62                0      0       0      63        0.0%
BITSFR63             0      0       0      64        0.0%
SFR63                0      0       0      64        0.0%


Microchip Technology PIC Macro Assembler V1.42 build -159332390 
Symbol Table                                                                                   Wed May 29 09:40:46 2019

                    __CFG_CP$OFF 0000                      __CFG_LVP$ON 0000                              l600 07C3  
                            l610 07F5                              l602 07CD                              l604 07D7  
                            l606 07E1                              l608 07EB                              l572 0727  
                            l580 075F                              l590 0791                              l582 0769  
                            l592 079B                              l584 0773                              l576 074A  
                            l594 07A5                              l586 077D                              l578 0755  
                            l596 07AF                              l588 0787                              l598 07B9  
                            u410 0767                              u510 0799                              u430 0771  
                            u610 07CB                              u530 07A3                              u450 077B  
                            u370 0753                              u630 07D5                              u550 07AD  
                            u470 0785                              u390 075D                              u650 07DF  
                            u570 07B7                              u490 078F                              u717 0730  
                            u670 07E9                              u590 07C1                              u690 07F3  
                   __CFG_BORV$LO 0000                              wreg 0009                    __CFG_BBEN$OFF 0000  
                   __CFG_ZCD$OFF 0000                             _LATA 0018                             _LATB 0019  
                           _LATC 001A                             _WPUA 1F39                             _WPUB 1F44  
                           _WPUC 1F4F                    __CFG_FCMEN$ON 0000                             _main 0747  
                           btemp 007E                    __CFG_BOREN$ON 0000                             start 0002  
                  __CFG_CSWEN$ON 0000                    __CFG_MCLRE$ON 0000   __size_of_OSCILLATOR_Initialize 000A  
  __end_of_OSCILLATOR_Initialize 0727                            ?_main 0070                    __CFG_WDTE$OFF 0000  
                          _OSCEN 0891                            _TRISA 0012                            _TRISB 0013  
                          _TRISC 0014                    __CFG_WRTB$OFF 0000                    __CFG_WRTC$OFF 0000  
                          status 0003                            wtemp0 007E                  __initialization 07FD  
                   __end_of_main 07FD                   __CFG_SAFEN$OFF 0000                           ??_main 0072  
                         _ANSELA 1F38                           _ANSELB 1F43                           _ANSELC 1F4E  
             __CFG_RSTOSC$HFINT1 0000                           _ODCONA 1F3A                           _ODCONB 1F45  
                         _ODCONC 1F50                   __CFG_WDTCCS$SC 0000                           _OSCFRQ 0893  
               __end_of_delay_ms 0734                   __CFG_PWRTE$OFF 0000             delay_ms@milliseconds 0070  
                 __CFG_STVREN$ON 0000                _SYSTEM_Initialize 0717          __end_of__initialization 07FD  
             ?_SYSTEM_Initialize 0070                   __pcstackCOMMON 0070              ??_SYSTEM_Initialize 0070  
      __end_of_SYSTEM_Initialize 071D                       __pmaintext 0747                  __CFG_PPS1WAY$ON 0000  
                        _OSCCON1 088D                          _OSCCON3 088F                        ?_delay_ms 0070  
                        _OSCSTAT 0890                          _OSCTUNE 0892                          __ptext1 0727  
                        __ptext2 0717                          __ptext3 0734                          __ptext4 071D  
                __CFG_WRTAPP$OFF 0000            _OSCILLATOR_Initialize 071D         ??_PIN_MANAGER_Initialize 0070  
                __CFG_WRTSAF$OFF 0000                       ??_delay_ms 0072       __size_of_SYSTEM_Initialize 0006  
           end_of_initialization 07FD            __CFG_WDTCPS$WDTCPS_31 0000                 __CFG_FEXTOSC$OFF 0000  
         ?_OSCILLATOR_Initialize 0070              start_initialization 07FD  __size_of_PIN_MANAGER_Initialize 0013  
               __CFG_LPBOREN$OFF 0000                        ___latbits 0002                __size_of_delay_ms 000D  
         _PIN_MANAGER_Initialize 0734                         _LATAbits 0018                         _LATBbits 0019  
                       _LATCbits 001A                __CFG_BBSIZE$BB512 0000          ??_OSCILLATOR_Initialize 0070  
                       _delay_ms 0727                    __size_of_main 00B6             __CFG_WDTCWS$WDTCWS_7 0000  
        ?_PIN_MANAGER_Initialize 0070                __CFG_CLKOUTEN$OFF 0000   __end_of_PIN_MANAGER_Initialize 0747  
